<?xml version="1.0" encoding="utf-8" standalone="no"?>
<!--This report has been generated by NCrunch in the form of NUnit test results.  The actual test framework used may not necessarily be NUnit, and may vary depending upon the test.-->
<test-results name="D:\Data\Git\SpecFlowTesting\BillToIDsMaintenance.Test.sln" total="25" errors="0" failures="0" not-run="0" inconclusive="0" ignored="0" skipped="0" invalid="0" date="2018-10-13" time="15:31:52">
  <environment nunit-version="2.6.2.12296" clr-version="4.0.30319.42000" os-version="Microsoft Windows NT 6.2.9200.0" platform="Win32NT" cwd="c:\program files (x86)\microsoft visual studio\2017\community\common7\ide\extensions\remco software\ncrunch for visual studio 2017" machine-name="WORK" user="longoria" user-domain="WORK" />
  <culture-info current-culture="zh-TW" current-uiculture="zh-TW" />
  <test-suite type="SetUpFixture" name="D:\Data\Git\SpecFlowTesting\BillToIDsMaintenance.Test\BillToIDsMaintenance.Test.csproj" executed="True" result="Success" success="True" time="2.409" asserts="0">
    <results>
      <test-suite type="Namespace" name="BillToIDsMaintenance" executed="True" result="Success" success="True" time="2.409" asserts="0">
        <results>
          <test-suite type="Namespace" name="Test" executed="True" result="Success" success="True" time="2.409" asserts="0">
            <results>
              <test-suite type="TestFixture" name="BMPresenterShould" executed="True" result="Success" success="True" time="0.983" asserts="0">
                <results>
                  <test-case name="BillToIDsMaintenance.Test.BMPresenterShould.CreateBillToID_WhenBillToIDDoesNotExist_ItShouldBeCreated" executed="True" result="Success" success="True" time="0.607" asserts="0" />
                  <test-case name="BillToIDsMaintenance.Test.BMPresenterShould.CreateBillToID_WhenBillToIDtExists_ItShouldNotBeCreated" executed="True" result="Success" success="True" time="0.004" asserts="0" />
                  <test-case name="BillToIDsMaintenance.Test.BMPresenterShould.Delete_WhenBillToIDIsMatechedInDB_DeleteTheMatchedRecord" executed="True" result="Success" success="True" time="0.026" asserts="0" />
                  <test-case name="BillToIDsMaintenance.Test.BMPresenterShould.Delete_WhenBillToIDIsNotMatechedInDB_NoRecordIsDeleted(&quot;A&quot;)" executed="True" result="Success" success="True" time="0.075" asserts="0" />
                  <test-case name="BillToIDsMaintenance.Test.BMPresenterShould.Delete_WhenBillToIDIsNotMatechedInDB_NoRecordIsDeleted(&quot;EDF&quot;)" executed="True" result="Success" success="True" time="0.040" asserts="0" />
                  <test-case name="BillToIDsMaintenance.Test.BMPresenterShould.Initialize_WhenThereAreSomeBillToIDsInDB_ReturnNotEmptyBillToIDList" executed="True" result="Success" success="True" time="0.066" asserts="0" />
                  <test-case name="BillToIDsMaintenance.Test.BMPresenterShould.Initialize_WhenThereIsNoBillToIDInDB_ReturnEmptyBillToIDList" executed="True" result="Success" success="True" time="0.003" asserts="0" />
                  <test-case name="BillToIDsMaintenance.Test.BMPresenterShould.Search_WhenBillToIDIsNotProvided_ReturnAllRecords" executed="True" result="Success" success="True" time="0.128" asserts="0" />
                  <test-case name="BillToIDsMaintenance.Test.BMPresenterShould.Search_WhenBillToIDIsProvided_ReturnOnlyTheMatchedRecords(&quot;A&quot;,3)" executed="True" result="Success" success="True" time="0.017" asserts="0" />
                  <test-case name="BillToIDsMaintenance.Test.BMPresenterShould.Search_WhenBillToIDIsProvided_ReturnOnlyTheMatchedRecords(&quot;ABC&quot;,1)" executed="True" result="Success" success="True" time="0.015" asserts="0" />
                  <test-case name="BillToIDsMaintenance.Test.BMPresenterShould.ValidateBillToId_WhenBillToIdIsEmptyOrNull_ReturnBillToIdEmptyMsg(&quot;   &quot;)" executed="True" result="Success" success="True" time="0.001" asserts="0" />
                  <test-case name="BillToIDsMaintenance.Test.BMPresenterShould.ValidateBillToId_WhenBillToIdIsEmptyOrNull_ReturnBillToIdEmptyMsg(&quot;&quot;)" executed="True" result="Success" success="True" time="0.000" asserts="0" />
                  <test-case name="BillToIDsMaintenance.Test.BMPresenterShould.ValidateBillToId_WhenBillToIdIsEmptyOrNull_ReturnBillToIdEmptyMsg(null)" executed="True" result="Success" success="True" time="0.000" asserts="0" />
                  <test-case name="BillToIDsMaintenance.Test.BMPresenterShould.ValidateBillToId_WhenBillToIdIsOver100Characters_ReturnBillToIdExceedsMaximumLengthMsg" executed="True" result="Success" success="True" time="0.001" asserts="0" />
                  <test-case name="BillToIDsMaintenance.Test.BMPresenterShould.ValidateBillToId_WhenBillToIdIsValidated_ReturnEmptythMsg" executed="True" result="Success" success="True" time="0.001" asserts="0" />
                </results>
              </test-suite>
              <test-suite type="Namespace" name="Features" executed="True" result="Success" success="True" time="1.425" asserts="0">
                <results>
                  <test-suite type="TestFixture" name="CR131303_MaintainBillToIDsTableFeature" executed="True" result="Success" success="True" time="1.425" asserts="0">
                    <results>
                      <test-case name="BillToIDsMaintenance.Test.Features.CR131303_MaintainBillToIDsTableFeature.CreatANewBillToID(&quot;987654&quot;,null)" executed="True" result="Success" success="True" time="1.079" asserts="0">
                        <categories>
                          <category name="Routing" />
                          <category name="Outbound" />
                          <category name="MSC" />
                          <category name="IBM" />
                          <category name="CR" />
                          <category name="BillToID" />
                          <category name="131303" />
                        </categories>
                      </test-case>
                      <test-case name="BillToIDsMaintenance.Test.Features.CR131303_MaintainBillToIDsTableFeature.CreatANewBillToID(&quot;NewID&quot;,null)" executed="True" result="Success" success="True" time="0.018" asserts="0">
                        <categories>
                          <category name="Routing" />
                          <category name="Outbound" />
                          <category name="MSC" />
                          <category name="IBM" />
                          <category name="CR" />
                          <category name="BillToID" />
                          <category name="131303" />
                        </categories>
                      </test-case>
                      <test-case name="BillToIDsMaintenance.Test.Features.CR131303_MaintainBillToIDsTableFeature.DeleteAnExistingBillToID(&quot;123456&quot;,null)" executed="True" result="Success" success="True" time="0.008" asserts="0">
                        <categories>
                          <category name="Routing" />
                          <category name="Outbound" />
                          <category name="MSC" />
                          <category name="IBM" />
                          <category name="CR" />
                          <category name="BillToID" />
                          <category name="131303" />
                        </categories>
                      </test-case>
                      <test-case name="BillToIDsMaintenance.Test.Features.CR131303_MaintainBillToIDsTableFeature.DeleteAnExistingBillToID(&quot;ABCEDF&quot;,null)" executed="True" result="Success" success="True" time="0.005" asserts="0">
                        <categories>
                          <category name="Routing" />
                          <category name="Outbound" />
                          <category name="MSC" />
                          <category name="IBM" />
                          <category name="CR" />
                          <category name="BillToID" />
                          <category name="131303" />
                        </categories>
                      </test-case>
                      <test-case name="BillToIDsMaintenance.Test.Features.CR131303_MaintainBillToIDsTableFeature.Get BillToIDs" executed="True" result="Success" success="True" time="0.011" asserts="0">
                        <categories>
                          <category name="Routing" />
                          <category name="Outbound" />
                          <category name="MSC" />
                          <category name="IBM" />
                          <category name="CR" />
                          <category name="BillToID" />
                          <category name="131303" />
                        </categories>
                      </test-case>
                      <test-case name="BillToIDsMaintenance.Test.Features.CR131303_MaintainBillToIDsTableFeature.SearchBillToIDs(&quot;****&quot;,&quot;0&quot;,null)" executed="True" result="Success" success="True" time="0.011" asserts="0">
                        <categories>
                          <category name="Routing" />
                          <category name="Outbound" />
                          <category name="MSC" />
                          <category name="IBM" />
                          <category name="CR" />
                          <category name="BillToID" />
                          <category name="131303" />
                        </categories>
                      </test-case>
                      <test-case name="BillToIDsMaintenance.Test.Features.CR131303_MaintainBillToIDsTableFeature.SearchBillToIDs(&quot;987&quot;,&quot;1&quot;,null)" executed="True" result="Success" success="True" time="0.010" asserts="0">
                        <categories>
                          <category name="Routing" />
                          <category name="Outbound" />
                          <category name="MSC" />
                          <category name="IBM" />
                          <category name="CR" />
                          <category name="BillToID" />
                          <category name="131303" />
                        </categories>
                      </test-case>
                      <test-case name="BillToIDsMaintenance.Test.Features.CR131303_MaintainBillToIDsTableFeature.SearchBillToIDs(&quot;ABC&quot;,&quot;3&quot;,null)" executed="True" result="Success" success="True" time="0.007" asserts="0">
                        <categories>
                          <category name="Routing" />
                          <category name="Outbound" />
                          <category name="MSC" />
                          <category name="IBM" />
                          <category name="CR" />
                          <category name="BillToID" />
                          <category name="131303" />
                        </categories>
                      </test-case>
                      <test-case name="BillToIDsMaintenance.Test.Features.CR131303_MaintainBillToIDsTableFeature.TryToCreateAnExistingBillToID(&quot;123456&quot;,null)" executed="True" result="Success" success="True" time="0.004" asserts="0">
                        <categories>
                          <category name="Routing" />
                          <category name="Outbound" />
                          <category name="MSC" />
                          <category name="IBM" />
                          <category name="CR" />
                          <category name="BillToID" />
                          <category name="131303" />
                        </categories>
                      </test-case>
                      <test-case name="BillToIDsMaintenance.Test.Features.CR131303_MaintainBillToIDsTableFeature.TryToCreateAnExistingBillToID(&quot;ABCEDF&quot;,null)" executed="True" result="Success" success="True" time="0.007" asserts="0">
                        <categories>
                          <category name="Routing" />
                          <category name="Outbound" />
                          <category name="MSC" />
                          <category name="IBM" />
                          <category name="CR" />
                          <category name="BillToID" />
                          <category name="131303" />
                        </categories>
                      </test-case>
                    </results>
                  </test-suite>
                </results>
              </test-suite>
            </results>
          </test-suite>
        </results>
      </test-suite>
    </results>
  </test-suite>
</test-results>